{
	"code":	"200",
	"msg":	"正常",
	"content":	{
		"result":	{
			"version":	0,
			"createTime":	1524557545000,
			"updateTime":	1524557545000,
			"createUser":	"",
			"updateUser":	"",
			"remarks":	"",
			"delFlag":	"0",
			"id":	null,
			"songId":	null,
			"songName":	"文爱",
			"albumName":	"文爱",
			"singerName":	"贺敬轩",
			"lyricist":	null,
			"composer":	null,
			"programme":	null,
			"style":	null,
			"mood":	null,
			"language":	null,
			"festival":	null,
			"scene":	null,
			"country":	null,
			"theme":	null,
			"years":	null,
			"type":	null,
			"img":	"http://imge.kugou.com/stdmusic/20170624/20170624062006553914.jpg",
			"auxiliary":	null,
			"publishDate":	null,
			"lyrics":	null,
			"songTime":	4686148347474477056,
			"songSize":	4704182165678587904,
			"songUrl":	"http://fs.w.kugou.com/201804241522/69b1e0680f0e7e4943d31ef6667147ca/G126/M02/05/01/HocBAFqng5eAWyfgADE5g2vAjeo396.mp3",
			"extName":	null,
			"bitrate":	null,
			"otherName":	null,
			"mvUrl":	null
		},
		"txt":	"放歌",
		"answer":	"文爱",
		"service":	"com.huwen.music",
		"cmdType":	"music",
		"params":	{
			"mediaOperation":	"mediaPlay",
			"mediaMode":	"mediaSequential"
		}
	},
	"isDone":	"0"
}
songJun|"http://fs.w.kugou.com/201804241522/69b1e0680f0e7e4943d31ef6667147ca/G126/M02/05/01/HocBAFqng5eAWyfgADE5g2vAjeo396.mp3"|"文爱"|"贺敬轩"
media_url_"http://fs.w.kugou.com/201804241522/69b1e0680f0e7e4943d31ef6667147ca/G126/M02/05/01/HocBAFqng5eAWyfgADE5g2vAjeo396.mp3"		&
http://fs.w.kugou.com/201804241522/69b1e0680f0e7e4943d31ef6667147ca/G126/M02/05/01/HocBAFqng5eAWyfgADE5g2vAjeo396.mp3
data^^^^^^^^	sem_wait_pthread_change
being closed  by others ^^^^
sem_wait paly Writed &&&&&&&&&&&&&&&&&&&&&&&&&&^
dataBoradPlay^^^^^^^^^^^^_over_sem_
quesCmdBuf - 放歌
{
	"code":	"200",
	"msg":	"正常",
	"content":	{
		"result":	{
			"version":	0,
			"createTime":	1524557554000,
			"updateTime":	1524557554000,
			"createUser":	"",
			"updateUser":	"",
			"remarks":	"",
			"delFlag":	"0",
			"id":	null,
			"songId":	null,
			"songName":	"123我爱你+走在冷风中",
			"albumName":	"未知专辑",
			"singerName":	"冯提莫",
			"lyricist":	null,
			"composer":	null,
			"programme":	null,
			"style":	null,
			"mood":	null,
			"language":	null,
			"festival":	null,
			"scene":	null,
			"country":	null,
			"theme":	null,
			"years":	null,
			"type":	null,
			"img":	"http://singerimg.kugou.com/uploadpic/softhead/400/20180327/20180327183312661.jpg",
			"auxiliary":	null,
			"publishDate":	null,
			"lyrics":	null,
			"songTime":	4684464789013921792,
			"songSize":	4702499393197047808,
			"songUrl":	"http://fs.w.kugou.com/201804241523/3f15351a9ea6f0eb5f72537c599913e1/G128/M01/08/1B/IIcBAFp8yZuAMPPbACVEkatQztI566.mp3",
			"extName":	null,
			"bitrate":	null,
			"otherName":	null,
			"mvUrl":	null
		},
		"txt":	"放歌",
		"answer":	"123我爱你+走在冷风中",
		"service":	"com.huwen.music",
		"cmdType":	"music",
		"params":	{
			"mediaOperation":	"mediaPlay",
			"mediaMode":	"mediaSequential"
		}
	},
	"isDone":	"0"
}
songJun|"http://fs.w.kugou.com/201804241523/3f15351a9ea6f0eb5f72537c599913e1/G128/M01/08/1B/IIcBAFp8yZuAMPPbACVEkatQztI566.mp3"|"123我爱你+走在冷风中"|"冯提莫"
media_url_"http://fs.w.kugou.com/201804241523/3f15351a9ea6f0eb5f72537c599913e1/G128/M01/08/1B/IIcBAFp8yZuAMPPbACVEkatQztI566.mp3"		&
http://fs.w.kugou.com/201804241523/3f15351a9ea6f0eb5f72537c599913e1/G128/M01/08/1B/IIcBAFp8yZuAMPPbACVEkatQztI566.mp3
data^^^^^^^^	sem_wait_pthread_change
being closed  by others ^^^^
sem_wait paly Writed &&&&&&&&&&&&&&&&&&&&&&&&&&^
dataBoradPlay^^^^^^^^^^^^_over_sem_
